[main] DEBUG example.tests.reflection.MEXService  - Hello World!
[main] DEBUG example.tests.reflection.MEXService  - Hello World!
[main] DEBUG example.tests.reflection.MEXService  - Hello World!
[main] DEBUG example.tests.reflection.MEXService  - Hello Worlwwwwd!
[main] INFO  example.tests.reflection.MEXService  - MEX Framework -> more info at: http://mex.aksw.org
[main] INFO  example.tests.reflection.MEXService  - starting the meta annotation for: UserCode01
[main] INFO  example.tests.reflection.MEXService  - invoking the main class: main
[main] INFO  example.tests.reflection.MEXService  - MEX Framework -> more info at: http://mex.aksw.org
[main] INFO  example.tests.reflection.MEXService  - starting the meta annotation for class named: UserCode01
[main] INFO  example.tests.reflection.MEXService  - invoking the main method: main
[main] INFO  example.tests.reflection.MEXService  - MEX Framework -> more info at: http://mex.aksw.org
[main] INFO  example.tests.reflection.MEXService  - starting the meta annotation for class named: UserCode01
[main] INFO  example.tests.reflection.MEXService  - invoking the main method: main
[main] INFO  example.tests.reflection.MEXService  - MEX Framework -> more info at: http://mex.aksw.org
[main] INFO  example.tests.reflection.MEXService  - starting the meta annotation for class named: UserCode01
[main] INFO  example.tests.reflection.MEXService  - invoking the main method: main
[main] INFO  example.tests.reflection.MEXService  - MEX Framework -> more info at: http://mex.aksw.org
[main] INFO  example.tests.reflection.MEXService  - starting the meta annotation for class named: UserCode01
[main] DEBUG example.tests.reflection.MEXService  - Looking for annotation MEX_START
[main] DEBUG example.tests.reflection.MEXService  - Looking for annotation MEX_START
[main] INFO  example.tests.reflection.MEXService  - invoking the main method: main
[main] INFO  example.tests.reflection.MEXService  - MEX Framework -> more info at: http://mex.aksw.org
[main] INFO  example.tests.reflection.MEXService  - starting the meta annotation for class named: UserCode01
[main] DEBUG example.tests.reflection.MEXService  - looking for annotation MEX_START
[main] DEBUG example.tests.reflection.MEXService  - looking for annotation MEX_START
[main] INFO  example.tests.reflection.MEXService  - invoking the main method: main
[main] INFO  example.tests.reflection.MEXService  - MEX Framework -> more info at: http://mex.aksw.org
[main] INFO  example.tests.reflection.MEXService  - starting the meta annotation for class named: UserCode01
[main] DEBUG example.tests.reflection.MEXService  - looking for annotation MEX_START
[main] INFO  example.tests.reflection.MEXService  - invoking the main method: main
[main] INFO  example.tests.reflection.MEXService  - MEX Framework -> more info at: http://mex.aksw.org
[main] INFO  example.tests.reflection.MEXService  - starting the meta annotation for class named: UserCode01
[main] DEBUG example.tests.reflection.MEXService  - looking for method annotation of MEX_START
[main] DEBUG example.tests.reflection.MEXService  - looking for field annotation of Dataset
[main] INFO  example.tests.reflection.MEXService  - MEX Framework -> more info at: http://mex.aksw.org
[main] INFO  example.tests.reflection.MEXService  - starting the meta annotation for class named: UserCode01
[main] DEBUG example.tests.reflection.MEXService  - looking for method annotation of MEX_START
[main] DEBUG example.tests.reflection.MEXService  - looking for field annotation of Dataset
[main] INFO  example.tests.reflection.MEXService  - invoking the main method: main
[main] INFO  example.tests.reflection.MEXService  - invoking the main method: main
[main] INFO  example.tests.reflection.MEXService  - MEX Framework -> more info at: http://mex.aksw.org
[main] INFO  example.tests.reflection.MEXService  - starting the meta annotation for class named: UserCode01
[main] DEBUG example.tests.reflection.MEXService  - looking for method annotation of MEX_START
[main] INFO  example.tests.reflection.MEXService  - MEX Framework -> more info at: http://mex.aksw.org
[main] INFO  example.tests.reflection.MEXService  - starting the meta annotation for class named: UserCode01
[main] DEBUG example.tests.reflection.MEXService  - looking for method annotation of MEX_START
[main] DEBUG example.tests.reflection.MEXService  - looking for field annotation of Dataset
[main] INFO  example.tests.reflection.MEXService  - invoking the main method: main
[main] INFO  example.tests.framework.MEXService  - MEX Framework -> more info at: http://mex.aksw.org
[main] INFO  example.tests.framework.MEXService  - starting the meta annotation for class named: UserCode01
[main] DEBUG example.tests.framework.MEXService  - looking for method annotation of MEX_START
[main] DEBUG example.tests.framework.MEXService  - looking for field annotation of Dataset
[main] INFO  example.tests.framework.MEXService  - invoking the main method: main
[main] INFO  example.tests.framework.MEXService  - Process execution time (s) :0
[main] INFO  example.tests.framework.MEXService  - MEX Framework -> more info at: http://mex.aksw.org
[main] INFO  example.tests.framework.MEXService  - starting the meta annotation for class named: UserCode01
[main] DEBUG example.tests.framework.MEXService  - looking for method annotation of Start
[main] DEBUG example.tests.framework.MEXService  - looking for field annotation of Dataset
[main] INFO  example.tests.framework.MEXService  - invoking the main method: runProcess
[main] INFO  example.tests.framework.MEXService  - process execution time (s): 0
[main] INFO  example.tests.framework.MEXService  - MEX Framework -> more info at: http://mex.aksw.org
[main] INFO  example.tests.framework.MEXService  - starting the meta annotation for class named: UserCode01
[main] DEBUG example.tests.framework.MEXService  - looking for method annotation of Start
[main] DEBUG example.tests.framework.MEXService  - looking for field annotation of Dataset
[main] INFO  example.tests.framework.MEXService  - invoking the main method: runProcess
[main] INFO  example.tests.framework.MEXService  - process execution time (s): 0
[main] INFO  example.tests.framework.MEXService  - MEX Framework -> more info at: http://mex.aksw.org
[main] INFO  example.tests.framework.MEXService  - starting the meta annotation for class named: AnnotatedClass01
[main] DEBUG example.tests.framework.MEXService  - looking for method annotation of Start
[main] DEBUG example.tests.framework.MEXService  - looking for field annotation of Dataset
[main] INFO  example.tests.framework.MEXService  - invoking the main method: runProcess
[main] INFO  example.tests.framework.MEXService  - process execution time (s): 0
[main] INFO  example.tests.framework.MEXService  - MEX Framework -> more info at: http://mex.aksw.org
[main] INFO  example.tests.framework.MEXService  - starting the meta annotation for class named: AnnotatedClass01
[main] DEBUG example.tests.framework.MEXService  - looking for method annotation of Start
[main] DEBUG example.tests.framework.MEXService  - looking for field annotation of Dataset
[main] INFO  example.tests.framework.MEXService  - invoking the main method: runProcess
[main] INFO  example.tests.framework.MEXService  - MEX Framework -> more info at: http://mex.aksw.org
[main] INFO  example.tests.framework.MEXService  - starting the meta annotation for class named: AnnotatedClass01
[main] DEBUG example.tests.framework.MEXService  - looking for method annotation of Start
[main] DEBUG example.tests.framework.MEXService  - looking for field annotation of Dataset
[main] INFO  example.tests.framework.MEXService  - invoking the main method: runProcess
[main] INFO  example.tests.framework.MEXService  - MEX Framework -> more info at: http://mex.aksw.org
[main] INFO  example.tests.framework.MEXService  - starting the meta annotation for class named: AnnotatedClass01
[main] DEBUG example.tests.framework.MEXService  - looking for method annotation of Start
[main] DEBUG example.tests.framework.MEXService  - looking for field annotation of Dataset
[main] INFO  example.tests.framework.MEXService  - invoking the main method: runProcess
[main] INFO  example.tests.framework.MEXService  - MEX Framework -> more info at: http://mex.aksw.org
[main] INFO  example.tests.framework.MEXService  - starting the meta annotation for class named: AnnotatedClass01
[main] DEBUG example.tests.framework.MEXService  - looking for method annotation of Start
[main] DEBUG example.tests.framework.MEXService  - looking for field annotation of Dataset
[main] INFO  example.tests.framework.MEXService  - invoking the main method: runProcess
[main] INFO  example.tests.framework.MEXService  - MEX Framework -> more info at: http://mex.aksw.org
[main] INFO  example.tests.framework.MEXService  - starting the meta annotation for class named: AnnotatedClass01
[main] DEBUG example.tests.framework.MEXService  - looking for method annotation of Start
[main] DEBUG example.tests.framework.MEXService  - looking for field annotation of Dataset
[main] INFO  example.tests.framework.MEXService  - invoking the main method: runProcess
[main] INFO  example.tests.framework.MEXService  - MEX Framework -> more info at: http://mex.aksw.org
[main] INFO  example.tests.framework.MEXService  - starting the meta annotation for class named: AnnotatedClass01
[main] DEBUG example.tests.framework.MEXService  - looking for method annotation of Start
[main] DEBUG example.tests.framework.MEXService  - looking for field annotation of Dataset
[main] INFO  example.tests.framework.MEXService  - invoking the main method: runProcess
[main] INFO  example.tests.framework.MEXService  - MEX Framework -> more info at: http://mex.aksw.org
[main] INFO  example.tests.framework.MEXService  - starting the meta annotation for class named: AnnotatedClass01
[main] DEBUG example.tests.framework.MEXService  - looking for method annotation of Start
[main] DEBUG example.tests.framework.MEXService  - looking for field annotation of Dataset
[main] INFO  example.tests.framework.MEXService  - invoking the main method: runProcess
[main] INFO  example.tests.framework.MEXService  - MEX Framework -> more info at: http://mex.aksw.org
[main] INFO  example.tests.framework.MEXService  - starting the meta annotation for class named: AnnotatedClass01
[main] DEBUG example.tests.framework.MEXService  - looking for method annotation of Start
[main] DEBUG example.tests.framework.MEXService  - looking for field annotation of Dataset
[main] INFO  example.tests.framework.MEXService  - invoking the main method: runProcess
[main] INFO  example.tests.framework.MEXService  - MEX Framework -> more info at: http://mex.aksw.org
[main] INFO  example.tests.framework.MEXService  - starting the meta annotation for class named: AnnotatedClass01
[main] DEBUG example.tests.framework.MEXService  - looking for method annotation of Start
[main] DEBUG example.tests.framework.MEXService  - looking for field annotation of Dataset
[main] INFO  example.tests.framework.MEXService  - invoking the main method: runProcess - [Ljava.lang.reflect.Parameter;@377dca04
[main] INFO  example.tests.framework.MEXService  - MEX Framework -> more info at: http://mex.aksw.org
[main] INFO  example.tests.framework.MEXService  - starting the meta annotation for class named: AnnotatedClass01
[main] DEBUG example.tests.framework.MEXService  - looking for method annotation of Start
[main] DEBUG example.tests.framework.MEXService  - looking for field annotation of Dataset
[main] INFO  example.tests.framework.MEXService  - process execution time (s): 0
[main] INFO  example.tests.framework.MEXService  - MEX Framework -> more info at: http://mex.aksw.org
[main] INFO  example.tests.framework.MEXService  - starting the meta annotation for class named: AnnotatedClass01
[main] DEBUG example.tests.framework.MEXService  - looking for method annotation of Start
[main] DEBUG example.tests.framework.MEXService  - looking for field annotation of Dataset
[main] INFO  example.tests.framework.MEXService  - MEX Framework -> more info at: http://mex.aksw.org
[main] INFO  example.tests.framework.MEXService  - starting the meta annotation for class named: AnnotatedClass01
[main] DEBUG example.tests.framework.MEXService  - looking for method annotation of Start
[main] DEBUG example.tests.framework.MEXService  - looking for field annotation of Dataset
[main] INFO  example.tests.framework.MEXService  - invoking the main method: runProcess - [Ljava.lang.reflect.Parameter;@377dca04
[main] INFO  example.tests.framework.MEXService  - process execution time (s): 0
[main] INFO  example.tests.framework.MEXService  - MEX Framework -> more info at: http://mex.aksw.org
[main] INFO  example.tests.framework.MEXService  - starting the meta annotation for class named: AnnotatedClass01
[main] DEBUG example.tests.framework.MEXService  - looking for method annotation of Start
[main] DEBUG example.tests.framework.MEXService  - looking for field annotation of Dataset
[main] INFO  example.tests.framework.MEXService  - invoking the main method: runProcess
[main] INFO  example.tests.framework.MEXService  - MEX Framework -> more info at: http://mex.aksw.org
[main] INFO  example.tests.framework.MEXService  - starting the meta annotation for class named: AnnotatedClass01
[main] DEBUG example.tests.framework.MEXService  - looking for method annotation of Start
[main] DEBUG example.tests.framework.MEXService  - looking for field annotation of Dataset
[main] INFO  example.tests.framework.MEXService  - invoking the main method: runProcess
[main] INFO  example.tests.framework.MEXService  - MEX Framework -> more info at: http://mex.aksw.org
[main] INFO  example.tests.framework.MEXService  - starting the meta annotation for class named: AnnotatedClass01
[main] DEBUG example.tests.framework.MEXService  - looking for method annotation of Start
[main] DEBUG example.tests.framework.MEXService  - looking for field annotation of Dataset
[main] INFO  example.tests.framework.MEXService  - invoking the main method: runProcess
[main] DEBUG example.tests.framework.MEXService  - ret = 10.8
[main] INFO  example.tests.framework.MEXService  - process execution time (s): 0
[main] INFO  example.tests.framework.MEXService  - MEX Framework -> more info at: http://mex.aksw.org
[main] INFO  example.tests.framework.MEXService  - starting the meta annotation for class named: AnnotatedClass01
[main] DEBUG example.tests.framework.MEXService  - looking for method annotation of Start
[main] DEBUG example.tests.framework.MEXService  - looking for field annotation of Dataset
[main] INFO  example.tests.framework.MEXService  - invoking the main method: runProcess
[main] DEBUG example.tests.framework.MEXService  - ret = 10.8
[main] INFO  example.tests.framework.MEXService  - process execution time (s): 3909
[main] INFO  example.tests.framework.MEXService  - MEX Framework -> more info at: http://mex.aksw.org
[main] INFO  example.tests.framework.MEXService  - starting the meta annotation for class named: AnnotatedClass01
[main] DEBUG example.tests.framework.MEXService  - looking for method annotation of Start
[main] DEBUG example.tests.framework.MEXService  - looking for field annotation of Dataset
[main] INFO  example.tests.framework.MEXService  - invoking the main method: runProcess
[main] DEBUG example.tests.framework.MEXService  - ret = 10.8
[main] INFO  example.tests.framework.MEXService  - process execution time (s): 272
[main] INFO  example.tests.framework.MEXService  - MEX Framework -> more info at: http://mex.aksw.org
[main] INFO  example.tests.framework.MEXService  - starting the meta annotation for class named: AnnotatedClass01
[main] DEBUG example.tests.framework.MEXService  - looking for method annotation of Start
[main] INFO  example.tests.framework.MEXService  - invoking the main method: runProcess
[main] DEBUG example.tests.framework.MEXService  - looking for field annotation of Dataset
[main] DEBUG example.tests.framework.MEXService  - looking for field annotation of Accuracy
[main] INFO  example.tests.framework.MEXService  - dataset = _dataset_name
[main] INFO  example.tests.framework.MEXService  -  
[main] INFO  example.tests.framework.MEXService  -  
[main] DEBUG example.tests.framework.MEXService  - ret = 10.8
[main] INFO  example.tests.framework.MEXService  - process execution time (s): 4240
[main] INFO  example.tests.framework.MEXService  - MEX Framework -> more info at: http://mex.aksw.org
[main] INFO  example.tests.framework.MEXService  - starting the meta annotation for class named: AnnotatedClass01
[main] DEBUG example.tests.framework.MEXService  - looking for method annotation of Start
[main] INFO  example.tests.framework.MEXService  - invoking the main method: runProcess
[main] DEBUG example.tests.framework.MEXService  - looking for field annotation of Dataset
[main] DEBUG example.tests.framework.MEXService  - looking for field annotation of Accuracy
[main] INFO  example.tests.framework.MEXService  - dataset = _dataset_name
[main] INFO  example.tests.framework.MEXService  -  
[main] INFO  example.tests.framework.MEXService  -  
[main] DEBUG example.tests.framework.MEXService  - ret = 10.8
[main] INFO  example.tests.framework.MEXService  - process execution time (s): 1163
[main] INFO  example.tests.framework.MEXService  - MEX Framework -> more info at: http://mex.aksw.org
[main] INFO  example.tests.framework.MEXService  - starting the meta annotation for class named: AnnotatedClass01
[main] DEBUG example.tests.framework.MEXService  - looking for method annotation of Start
[main] INFO  example.tests.framework.MEXService  - invoking the main method: runProcess
[main] DEBUG example.tests.framework.MEXService  - looking for field annotation of Dataset
[main] DEBUG example.tests.framework.MEXService  - looking for field annotation of Accuracy
[main] INFO  example.tests.framework.MEXService  - dataset = _dataset_name
[main] INFO  example.tests.framework.MEXService  -  
[main] INFO  example.tests.framework.MEXService  -  
[main] DEBUG example.tests.framework.MEXService  - ret = 10.8
[main] INFO  example.tests.framework.MEXService  - process execution time (s): 75
[main] INFO  example.tests.framework.MEXService  - MEX Framework -> more info at: http://mex.aksw.org
[main] INFO  example.tests.framework.MEXService  - starting the meta annotation for class named: AnnotatedClass01
[main] DEBUG example.tests.framework.MEXService  - looking for method annotation of Start
[main] INFO  example.tests.framework.MEXService  - invoking the main method: runProcess
[main] DEBUG example.tests.framework.MEXService  - looking for field annotation of Dataset
[main] DEBUG example.tests.framework.MEXService  - looking for field annotation of Accuracy
[main] INFO  example.tests.framework.MEXService  - dataset = _dataset_name
[main] INFO  example.tests.framework.MEXService  -  id exec: 1
[main] INFO  example.tests.framework.MEXService  - acc1 = 56.9
[main] INFO  example.tests.framework.MEXService  -  id exec: 2
[main] INFO  example.tests.framework.MEXService  - acc1 = 0.0
[main] DEBUG example.tests.framework.MEXService  - ret = 10.8
[main] INFO  example.tests.framework.MEXService  - process execution time (s): 0
[main] INFO  example.tests.framework.MEXService  - MEX Framework -> more info at: http://mex.aksw.org
[main] INFO  example.tests.framework.MEXService  - starting the meta annotation for class named: AnnotatedClass01
[main] DEBUG example.tests.framework.MEXService  - looking for method annotation of Start
[main] INFO  example.tests.framework.MEXService  - invoking the main method: runProcess
[main] DEBUG example.tests.framework.MEXService  - looking for field annotation of Dataset
[main] DEBUG example.tests.framework.MEXService  - looking for field annotation of Accuracy
[main] INFO  example.tests.framework.MEXService  - dataset = _dataset_name
[main] INFO  example.tests.framework.MEXService  -  id exec: 1
[main] INFO  example.tests.framework.MEXService  - acc1 = 66.1
[main] INFO  example.tests.framework.MEXService  -  id exec: 2
[main] INFO  example.tests.framework.MEXService  - acc1 = 0.0
[main] DEBUG example.tests.framework.MEXService  - ret = 10.8
[main] INFO  example.tests.framework.MEXService  - process execution time (s): 0
[main] INFO  example.tests.framework.MEXService  - MEX Framework -> more info at: http://mex.aksw.org
[main] INFO  example.tests.framework.MEXService  - starting the meta annotation for class named: AnnotatedClass01
[main] DEBUG example.tests.framework.MEXService  - looking for method annotation of Start
[main] INFO  example.tests.framework.MEXService  - invoking the main method: runProcess
[main] DEBUG example.tests.framework.MEXService  - looking for field annotation of Dataset
[main] DEBUG example.tests.framework.MEXService  - looking for field annotation of Accuracy
[main] INFO  example.tests.framework.MEXService  - dataset = _dataset_name
[main] INFO  example.tests.framework.MEXService  -  id exec: 1
[main] INFO  example.tests.framework.MEXService  - acc1 = 56.9
[main] INFO  example.tests.framework.MEXService  -  id exec: 2
[main] INFO  example.tests.framework.MEXService  - acc1 = 66.1
[main] DEBUG example.tests.framework.MEXService  - ret = 10.8
[main] INFO  example.tests.framework.MEXService  - process execution time (s): 0
[main] INFO  example.tests.framework.MEXService  - MEX Framework -> more info at: http://mex.aksw.org
[main] INFO  example.tests.framework.MEXService  - starting the meta annotation for class named: AnnotatedClass01
[main] DEBUG example.tests.framework.MEXService  - looking for method annotation of Start
[main] INFO  example.tests.framework.MEXService  - invoking the main method: runProcess
[main] DEBUG example.tests.framework.MEXService  - looking for field annotation of Dataset
[main] DEBUG example.tests.framework.MEXService  - looking for field annotation of Measure
[main] INFO  example.tests.framework.MEXService  - dataset = _dataset_name
[main] INFO  example.tests.framework.MEXService  -  id exec: 1
[main] INFO  example.tests.framework.MEXService  - acc1 = 56.9
[main] INFO  example.tests.framework.MEXService  -  id exec: 2
[main] INFO  example.tests.framework.MEXService  - acc1 = 66.1
[main] DEBUG example.tests.framework.MEXService  - ret = 10.8
[main] INFO  example.tests.framework.MEXService  - process execution time (s): 0
[main] INFO  example.tests.framework.MEXService  - MEX Framework -> more info at: http://mex.aksw.org
[main] INFO  example.tests.framework.MEXService  - starting the meta annotation for class named: AnnotatedClass01
[main] DEBUG example.tests.framework.MEXService  - looking for method annotation of Start
[main] INFO  example.tests.framework.MEXService  - invoking the main method: runProcess
[main] DEBUG example.tests.framework.MEXService  - looking for field annotation of Dataset
[main] DEBUG example.tests.framework.MEXService  - looking for field annotation of Measure
[main] INFO  example.tests.framework.MEXService  - dataset = @example.tests.framework.core.Dataset()
[main] INFO  example.tests.framework.MEXService  -  id exec: 1
[main] INFO  example.tests.framework.MEXService  - acc1 = 56.9
[main] INFO  example.tests.framework.MEXService  -  id exec: 2
[main] INFO  example.tests.framework.MEXService  - acc1 = 66.1
[main] DEBUG example.tests.framework.MEXService  - ret = 10.8
[main] INFO  example.tests.framework.MEXService  - process execution time (s): 0
[main] INFO  example.tests.framework.MEXService  - MEX Framework -> more info at: http://mex.aksw.org
[main] INFO  example.tests.framework.MEXService  - starting the meta annotation for class named: AnnotatedClass01
[main] DEBUG example.tests.framework.MEXService  - looking for method annotation of Features
[main] INFO  example.tests.framework.MEXService  - invoking the features method: getFeatures
[main] INFO  example.tests.framework.MEXService  - MEX Framework -> more info at: http://mex.aksw.org
[main] INFO  example.tests.framework.MEXService  - starting the meta annotation for class named: AnnotatedClass01
[main] DEBUG example.tests.framework.MEXService  - looking for method annotation of Features
[main] INFO  example.tests.framework.MEXService  - invoking the features method: getFeatures
[main] INFO  example.tests.framework.MEXService  - MEX Framework -> more info at: http://mex.aksw.org
[main] INFO  example.tests.framework.MEXService  - starting the meta annotation for class named: AnnotatedClass01
[main] DEBUG example.tests.framework.MEXService  - looking for method annotation of Features
[main] INFO  example.tests.framework.MEXService  - invoking the features method: getFeatures
[main] INFO  example.tests.framework.MEXService  - MEX Framework -> more info at: http://mex.aksw.org
[main] INFO  example.tests.framework.MEXService  - starting the meta annotation for class named: AnnotatedClass01
[main] DEBUG example.tests.framework.MEXService  - looking for method annotation of Features
[main] INFO  example.tests.framework.MEXService  - invoking the features method: getFeatures
[main] INFO  example.tests.framework.MEXService  - MEX Framework -> more info at: http://mex.aksw.org
[main] INFO  example.tests.framework.MEXService  - starting the meta annotation for class named: ExampleJSAT
[main] DEBUG example.tests.framework.MEXService  - looking for method annotation of Start
[main] INFO  example.tests.framework.MEXService  - invoking the main method: main
[main] INFO  example.tests.framework.MEXService  - MEX Framework -> more info at: http://mex.aksw.org
[main] INFO  example.tests.framework.MEXService  - starting the meta annotation for class named: ExampleJSAT
[main] DEBUG example.tests.framework.MEXService  - looking for method annotation of Start
[main] INFO  example.tests.framework.MEXService  - invoking the main method: doSomething
[main] DEBUG example.tests.framework.MEXService  - looking for method annotation of Features
[main] INFO  example.tests.framework.MEXService  - invoking the features method: getFeatures
[main] INFO  example.tests.framework.MEXService  - MEX Framework -> more info at: http://mex.aksw.org
[main] INFO  example.tests.framework.MEXService  - starting the meta annotation for class named: ExampleJSAT
[main] DEBUG example.tests.framework.MEXService  - looking for method annotation of Start
[main] INFO  example.tests.framework.MEXService  - invoking the main method: doSomething
[main] DEBUG example.tests.framework.MEXService  - looking for method annotation of Features
[main] INFO  example.tests.framework.MEXService  - invoking the features method: getFeatures
[main] INFO  example.tests.framework.MEXService  - MEX Framework -> more info at: http://mex.aksw.org
[main] INFO  example.tests.framework.MEXService  - starting the meta annotation for class named: ExampleJSAT
[main] DEBUG example.tests.framework.MEXService  - looking for method annotation of Start
[main] INFO  example.tests.framework.MEXService  - invoking the main method: doSomething
[main] DEBUG example.tests.framework.MEXService  - looking for method annotation of Features
[main] INFO  example.tests.framework.MEXService  - invoking the features method: getFeatures
[main] INFO  example.tests.framework.MEXService  - MEX Framework -> more info at: http://mex.aksw.org
[main] INFO  example.tests.framework.MEXService  - starting the meta annotation for class named: ExampleJSAT
[main] DEBUG example.tests.framework.MEXService  - looking for method annotation of Start
[main] INFO  example.tests.framework.MEXService  - invoking the main method: doSomething
[main] DEBUG example.tests.framework.MEXService  - looking for method annotation of Features
[main] INFO  example.tests.framework.MEXService  - invoking the features method: getFeatures
[main] INFO  example.tests.framework.MEXService  - MEX Framework -> more info at: http://mex.aksw.org
[main] INFO  example.tests.framework.MEXService  - starting the meta annotation for class named: ExampleJSAT
[main] DEBUG example.tests.framework.MEXService  - looking for method annotation of Start
[main] INFO  example.tests.framework.MEXService  - invoking the main method: doSomething
[main] DEBUG example.tests.framework.MEXService  - looking for method annotation of Features
[main] INFO  example.tests.framework.MEXService  - invoking the features method: getFeatures
[main] INFO  example.tests.framework.MEXService  - MEX Framework -> more info at: http://mex.aksw.org
[main] INFO  example.tests.framework.MEXService  - starting the meta annotation for class named: ExampleJSAT
[main] DEBUG example.tests.framework.MEXService  - looking for method annotation of Start
[main] INFO  example.tests.framework.MEXService  - invoking the main method: doSomething
[main] DEBUG example.tests.framework.MEXService  - looking for method annotation of Features
[main] INFO  example.tests.framework.MEXService  - invoking the features method: getFeatures
[main] INFO  example.tests.framework.MEXService  - MEX Framework -> more info at: http://mex.aksw.org
[main] INFO  example.tests.framework.MEXService  - starting the meta annotation for class named: ExampleJSAT
[main] DEBUG example.tests.framework.MEXService  - looking for method annotation of Start
[main] INFO  example.tests.framework.MEXService  - invoking the main method: doSomething
[main] DEBUG example.tests.framework.MEXService  - looking for method annotation of Features
[main] INFO  example.tests.framework.MEXService  - invoking the features method: getFeatures
[main] INFO  example.tests.framework.MEXService  - MEX Framework -> more info at: http://mex.aksw.org
[main] INFO  example.tests.framework.MEXService  - starting the meta annotation for class named: ExampleJSAT
[main] DEBUG example.tests.framework.MEXService  - looking for method annotation of Start
[main] INFO  example.tests.framework.MEXService  - invoking the main method: doSomething
[main] DEBUG example.tests.framework.MEXService  - looking for method annotation of Features
[main] INFO  example.tests.framework.MEXService  - invoking the features method: getFeatures
[main] INFO  example.tests.framework.MEXService  - MEX Framework -> more info at: http://mex.aksw.org
[main] INFO  example.tests.framework.MEXService  - starting the meta annotation for class named: ExampleJSAT
[main] DEBUG example.tests.framework.MEXService  - looking for method annotation of Start
[main] INFO  example.tests.framework.MEXService  - invoking the main method: doSomething
[main] DEBUG example.tests.framework.MEXService  - looking for method annotation of Features
[main] INFO  example.tests.framework.MEXService  - invoking the features method: getFeatures
[main] INFO  example.tests.framework.MEXService  - MEX Framework -> more info at: http://mex.aksw.org
[main] INFO  example.tests.framework.MEXService  - starting the meta annotation for class named: ExampleJSAT
[main] DEBUG example.tests.framework.MEXService  - looking for method annotation of Start
[main] INFO  example.tests.framework.MEXService  - invoking the main method: doSomething
[main] DEBUG example.tests.framework.MEXService  - looking for method annotation of Features
[main] INFO  example.tests.framework.MEXService  - invoking the features method: getFeatures
[main] INFO  example.tests.framework.MEXService  - MEX Framework -> more info at: http://mex.aksw.org
[main] INFO  example.tests.framework.MEXService  - starting the meta annotation for class named: ExampleJSAT
[main] DEBUG example.tests.framework.MEXService  - looking for method annotation of Start
[main] INFO  example.tests.framework.MEXService  - invoking the main method: doMachineLearning
[main] DEBUG example.tests.framework.MEXService  - looking for method annotation of Features
[main] INFO  example.tests.framework.MEXService  - invoking the features method: getFeatures
[main] INFO  example.tests.framework.MEXService  - MEX Framework -> more info at: http://mex.aksw.org
[main] INFO  example.tests.framework.MEXService  - starting the meta annotation for class named: ExampleJSAT
[main] DEBUG example.tests.framework.MEXService  - looking for method annotation of Start
[main] INFO  example.tests.framework.MEXService  - invoking the main method: doMachineLearning
[main] DEBUG example.tests.framework.MEXService  - looking for method annotation of Features
[main] INFO  example.tests.framework.MEXService  - invoking the features method: getFeatures
[main] INFO  example.tests.framework.MEXService  - MEX Framework -> more info at: http://mex.aksw.org
[main] INFO  example.tests.framework.MEXService  - starting the meta annotation for class named: ExampleJSAT
[main] DEBUG example.tests.framework.MEXService  - looking for method annotation of Start
[main] INFO  example.tests.framework.MEXService  - MEX Framework -> more info at: http://mex.aksw.org
[main] INFO  example.tests.framework.MEXService  - starting the meta annotation for class named: ExampleJSAT
[main] DEBUG example.tests.framework.MEXService  - looking for method annotation of Start
[main] INFO  example.tests.framework.MEXService  - MEX Framework -> more info at: http://mex.aksw.org
[main] INFO  example.tests.framework.MEXService  - starting the meta annotation for class named: ExampleJSAT
[main] DEBUG example.tests.framework.MEXService  - looking for method annotation of Start
[main] INFO  example.tests.framework.MEXService  - invoking the main method: doMachineLearning
[main] DEBUG example.tests.framework.MEXService  - looking for method annotation of Features
[main] INFO  example.tests.framework.MEXService  - invoking the features method: getFeatures
[main] INFO  example.tests.framework.MEXService  - MEX Framework -> more info at: http://mex.aksw.org
[main] INFO  example.tests.framework.MEXService  - starting the meta annotation for class named: ExampleJSAT
[main] DEBUG example.tests.framework.MEXService  - looking for method annotation of Start
[main] INFO  example.tests.framework.MEXService  - invoking the main method: doMachineLearning
[main] DEBUG example.tests.framework.MEXService  - looking for method annotation of Features
[main] INFO  example.tests.framework.MEXService  - invoking the features method: getFeatures
[main] INFO  example.tests.framework.MEXService  - MEX Framework -> more info at: http://mex.aksw.org
[main] INFO  example.tests.framework.MEXService  - starting the meta annotation for class named: ExampleJSAT
[main] DEBUG example.tests.framework.MEXService  - looking for method annotation of Start
[main] INFO  example.tests.framework.MEXService  - invoking the main method: doMachineLearning
[main] DEBUG example.tests.framework.MEXService  - looking for method annotation of Features
[main] INFO  example.tests.framework.MEXService  - invoking the features method: getFeatures
[main] INFO  example.tests.framework.MEXService  - MEX Framework -> more info at: http://mex.aksw.org
[main] INFO  example.tests.framework.MEXService  - starting the meta annotation for class named: ExampleJSAT
[main] DEBUG example.tests.framework.MEXService  - looking for method annotation of Start
[main] INFO  example.tests.framework.MEXService  - invoking the main method: doMachineLearning
[main] DEBUG example.tests.framework.MEXService  - looking for method annotation of Features
[main] INFO  example.tests.framework.MEXService  - invoking the features method: getFeatures
[main] INFO  example.tests.framework.MEXService  - MEX Framework -> more info at: http://mex.aksw.org
[main] INFO  example.tests.framework.MEXService  - starting the meta annotation for class named: ExampleJSAT
[main] DEBUG example.tests.framework.MEXService  - looking for method annotation of Start
[main] INFO  example.tests.framework.MEXService  - invoking the main method: doMachineLearning
[main] DEBUG example.tests.framework.MEXService  - looking for method annotation of Features
[main] INFO  example.tests.framework.MEXService  - invoking the features method: getFeatures
